#
# A fatal error has been detected by the Java Runtime Environment:
#
#  Internal Error (javaCalls.cpp:51), pid=54004, tid=0x0000000000005103
#  guarantee(thread->is_Java_thread()) failed: crucial check - the VM thread cannot and must not escape to Java code
#
# JRE version: Java(TM) SE Runtime Environment (8.0_181-b13) (build 1.8.0_181-b13)
# Java VM: Java HotSpot(TM) 64-Bit Server VM (25.181-b13 mixed mode bsd-amd64 compressed oops)
# Failed to write core dump. Core dumps have been disabled. To enable core dumping, try "ulimit -c unlimited" before starting Java again
#
# If you would like to submit a bug report, please visit:
#   http://bugreport.java.com/bugreport/crash.jsp
#

---------------  T H R E A D  ---------------

Current thread (0x00007f8d6881d800):  VMThread [stack: 0x000070000602c000,0x000070000612c000] [id=20739]

Stack: [0x000070000602c000,0x000070000612c000],  sp=0x000070000612aaa0,  free space=1018k
Native frames: (J=compiled Java code, j=interpreted, Vv=VM code, C=native code)
V  [libjvm.dylib+0x5b581a]  VMError::report_and_die()+0x3f8
V  [libjvm.dylib+0x1e9185]  report_vm_error(char const*, int, char const*, char const*)+0x54
V  [libjvm.dylib+0x2ef35c]  JavaCallWrapper::JavaCallWrapper(methodHandle, Handle, JavaValue*, Thread*)+0x64
V  [libjvm.dylib+0x2efc14]  JavaCalls::call_helper(JavaValue*, methodHandle*, JavaCallArguments*, Thread*)+0x608
V  [libjvm.dylib+0x2f0147]  JavaCalls::call_special(JavaValue*, KlassHandle, Symbol*, Symbol*, JavaCallArguments*, Thread*)+0x111
V  [libjvm.dylib+0x243b41]  Exceptions::new_exception(Thread*, Symbol*, Symbol*, JavaCallArguments*, Handle, Handle)+0xc7
V  [libjvm.dylib+0x243c3c]  Exceptions::new_exception(Thread*, Symbol*, Symbol*, JavaCallArguments*, Handle, Handle, Handle)+0x28
V  [libjvm.dylib+0x243e9b]  Exceptions::new_exception(Thread*, Symbol*, char const*, Handle, Handle, Handle, Exceptions::ExceptionMsgToUtf8Mode)+0x169
V  [libjvm.dylib+0x243eb6]  Exceptions::new_exception(Thread*, Symbol*, char const*, Exceptions::ExceptionMsgToUtf8Mode)+0x18
V  [libjvm.dylib+0x287b87]  GenerateOopMap::verify_error(char const*, ...)+0xed
V  [libjvm.dylib+0x2881e6]  GenerateOopMap::merge_state_into_bb(BasicBlock*)+0xc0
V  [libjvm.dylib+0x28a913]  GenerateOopMap::interp_bb(BasicBlock*)+0x22b
V  [libjvm.dylib+0x28aa3b]  GenerateOopMap::interp_all()+0x31
V  [libjvm.dylib+0x28afd2]  GenerateOopMap::do_interpretation()+0x44
V  [libjvm.dylib+0x28b3eb]  GenerateOopMap::compute_map(Thread*)+0x1fb
V  [libjvm.dylib+0x485331]  OopMapForCacheEntry::compute_map(Thread*)+0x8f
V  [libjvm.dylib+0x48553a]  OopMapCacheEntry::fill(methodHandle, int)+0x19e
V  [libjvm.dylib+0x48571b]  OopMapCache::compute_one_oop_map(methodHandle, int, InterpreterOopMap*)+0x16b
V  [libjvm.dylib+0x4859d2]  OopMapCache::lookup(methodHandle, int, InterpreterOopMap*) const+0x25c
V  [libjvm.dylib+0x2c2b04]  InstanceKlass::mask_for(methodHandle, int, InterpreterOopMap*)+0xd2
V  [libjvm.dylib+0x45306d]  Method::mask_for(int, InterpreterOopMap*)+0xb3
V  [libjvm.dylib+0x39afbf]  VM_GetOrSetLocal::doit()+0x47
V  [libjvm.dylib+0x5bd499]  VM_Operation::evaluate()+0x4f
V  [libjvm.dylib+0x5bba31]  VMThread::evaluate_operation(VM_Operation*)+0xdf
V  [libjvm.dylib+0x5bbe7e]  VMThread::loop()+0x328
V  [libjvm.dylib+0x5bb79d]  VMThread::run()+0x79
V  [libjvm.dylib+0x48e342]  java_start(Thread*)+0xf6
C  [libsystem_pthread.dylib+0x3661]  _pthread_body+0x154
C  [libsystem_pthread.dylib+0x350d]  _pthread_body+0x0
C  [libsystem_pthread.dylib+0x2bf9]  thread_start+0xd

VM_Operation (0x0000700006537938): GetOrSetLocal, mode: safepoint, requested by thread 0x00007f8d6c009800


---------------  P R O C E S S  ---------------

Java Threads: ( => current thread )
  0x00007f8d6b07e000 JavaThread "Service Thread" daemon [_thread_blocked, id=22275, stack(0x0000700006b4d000,0x0000700006c4d000)]
  0x00007f8d6c00c000 JavaThread "C1 CompilerThread3" daemon [_thread_blocked, id=21763, stack(0x0000700006a4a000,0x0000700006b4a000)]
  0x00007f8d6c825800 JavaThread "C2 CompilerThread2" daemon [_thread_blocked, id=15875, stack(0x0000700006947000,0x0000700006a47000)]
  0x00007f8d6b07d800 JavaThread "C2 CompilerThread1" daemon [_thread_blocked, id=16387, stack(0x0000700006844000,0x0000700006944000)]
  0x00007f8d6b03c800 JavaThread "C2 CompilerThread0" daemon [_thread_blocked, id=15363, stack(0x0000700006741000,0x0000700006841000)]
  0x00007f8d6901c800 JavaThread "JDWP Command Reader" daemon [_thread_in_native, id=17155, stack(0x000070000663e000,0x000070000673e000)]
  0x00007f8d6886a000 JavaThread "JDWP Event Helper Thread" daemon [_thread_blocked, id=17667, stack(0x000070000653b000,0x000070000663b000)]
  0x00007f8d6c009800 JavaThread "JDWP Transport Listener: dt_socket" daemon [_thread_blocked, id=17927, stack(0x0000700006438000,0x0000700006538000)]
  0x00007f8d6a81a000 JavaThread "Signal Dispatcher" daemon [_thread_blocked, id=18443, stack(0x0000700006335000,0x0000700006435000)]
  0x00007f8d68851000 JavaThread "Finalizer" daemon [_thread_blocked, id=20483, stack(0x0000700006232000,0x0000700006332000)]
  0x00007f8d6b02e800 JavaThread "Reference Handler" daemon [_thread_blocked, id=13315, stack(0x000070000612f000,0x000070000622f000)]
  0x00007f8d6b800000 JavaThread "main" [_thread_blocked, id=6147, stack(0x0000700005711000,0x0000700005811000)]

Other Threads:
=>0x00007f8d6881d800 VMThread [stack: 0x000070000602c000,0x000070000612c000] [id=20739]
  0x00007f8d68855800 WatcherThread [stack: 0x0000700006c50000,0x0000700006d50000] [id=43011]

VM state:at safepoint (normal execution)

VM Mutex/Monitor currently owned by a thread:  ([mutex/lock_event])
[0x00007f8d68510fc0] Threads_lock - owner thread: 0x00007f8d6881d800

Heap:
 PSYoungGen      total 76288K, used 5266K [0x000000076ab00000, 0x0000000770000000, 0x00000007c0000000)
  eden space 65536K, 8% used [0x000000076ab00000,0x000000076b024a18,0x000000076eb00000)
  from space 10752K, 0% used [0x000000076f580000,0x000000076f580000,0x0000000770000000)
  to   space 10752K, 0% used [0x000000076eb00000,0x000000076eb00000,0x000000076f580000)
 ParOldGen       total 175104K, used 0K [0x00000006c0000000, 0x00000006cab00000, 0x000000076ab00000)
  object space 175104K, 0% used [0x00000006c0000000,0x00000006c0000000,0x00000006cab00000)
 Metaspace       used 3192K, capacity 4600K, committed 4864K, reserved 1056768K
  class space    used 341K, capacity 424K, committed 512K, reserved 1048576K

Card table byte_map: [0x000000010b374000,0x000000010bb75000] byte_map_base: 0x0000000107d74000

Marking Bits: (ParMarkBitMap*) 0x000000010a8f9cd0
 Begin Bits: [0x000000011cd63000, 0x0000000120d63000)
 End Bits:   [0x0000000120d63000, 0x0000000124d63000)

Polling page: 0x0000000108e64000

CodeCache: size=245760Kb used=1146Kb max_used=1146Kb free=244613Kb
 bounds [0x000000010dd63000, 0x000000010dfd3000, 0x000000011cd63000]
 total_blobs=271 nmethods=36 adapters=157
 compilation: enabled

Compilation events (10 events):
Event: 0.858 Thread 0x00007f8d6c00c000   35       1       java.lang.String::length (6 bytes)
Event: 0.858 Thread 0x00007f8d6c00c000 nmethod 35 0x000000010de7fb50 code [0x000000010de7fca0, 0x000000010de7fdb0]
Event: 0.858 Thread 0x00007f8d6c00c000   33   !   3       sun.misc.URLClassPath$JarLoader::getResource (85 bytes)
Event: 0.859 Thread 0x00007f8d6c00c000 nmethod 33 0x000000010de7fe50 code [0x000000010de800c0, 0x000000010de80ce8]
Event: 0.859 Thread 0x00007f8d6c00c000   31       3       java.lang.String::toCharArray (25 bytes)
Event: 0.859 Thread 0x00007f8d6c00c000 nmethod 31 0x000000010de81450 code [0x000000010de815c0, 0x000000010de81848]
Event: 0.859 Thread 0x00007f8d6c00c000   34       3       java.nio.charset.CharsetEncoder::maxBytesPerChar (5 bytes)
Event: 0.859 Thread 0x00007f8d6c00c000 nmethod 34 0x000000010de81950 code [0x000000010de81aa0, 0x000000010de81bf0]
Event: 0.860 Thread 0x00007f8d6c00c000   36       1       java.nio.Buffer::position (5 bytes)
Event: 0.860 Thread 0x00007f8d6c00c000 nmethod 36 0x000000010de81c50 code [0x000000010de81da0, 0x000000010de81eb0]

GC Heap History (0 events):
No events

Deoptimization events (0 events):
No events

Classes redefined (4 events):
Event: 161.217 Thread 0x00007f8d6881d800 redefined class name=_01_Coderust._02_LinkedList._x_08_Merge_Two_Sorted_Linked_Lists, count=1
Event: 447.577 Thread 0x00007f8d6881d800 redefined class name=_01_Coderust._02_LinkedList._x_08_Merge_Two_Sorted_Linked_Lists, count=2
Event: 547.566 Thread 0x00007f8d6881d800 redefined class name=_01_Coderust._02_LinkedList._x_08_Merge_Two_Sorted_Linked_Lists, count=3
Event: 849.568 Thread 0x00007f8d6881d800 redefined class name=_01_Coderust._02_LinkedList._x_08_Merge_Two_Sorted_Linked_Lists, count=4

Internal exceptions (2 events):
Event: 0.050 Thread 0x00007f8d6b800000 Exception <a 'java/lang/NoSuchMethodError': Method sun.misc.Unsafe.defineClass(Ljava/lang/String;[BII)Ljava/lang/Class; name or signature does not match> (0x000000076ab07cb0) thrown at [/Users/java_re/workspace/8-2-build-macosx-x86_64/jdk8u181/11358/hotsp
Event: 0.050 Thread 0x00007f8d6b800000 Exception <a 'java/lang/NoSuchMethodError': Method sun.misc.Unsafe.prefetchRead(Ljava/lang/Object;J)V name or signature does not match> (0x000000076ab07f98) thrown at [/Users/java_re/workspace/8-2-build-macosx-x86_64/jdk8u181/11358/hotspot/src/share/vm/pr

Events (10 events):
Event: 849.676 Executing VM operation: ChangeBreakpoints done
Event: 849.676 Executing VM operation: ChangeBreakpoints
Event: 849.676 Executing VM operation: ChangeBreakpoints done
Event: 849.676 Executing VM operation: ChangeBreakpoints
Event: 849.677 Executing VM operation: ChangeBreakpoints done
Event: 849.677 Executing VM operation: ChangeBreakpoints
Event: 849.677 Executing VM operation: ChangeBreakpoints done
Event: 849.677 Executing VM operation: ChangeBreakpoints
Event: 849.677 Executing VM operation: ChangeBreakpoints done
Event: 849.709 Executing VM operation: GetOrSetLocal


Dynamic libraries:
0x00007fff28111000 	/System/Library/Frameworks/Cocoa.framework/Versions/A/Cocoa
0x00007fff3472d000 	/System/Library/Frameworks/Security.framework/Versions/A/Security
0x00007fff26d52000 	/System/Library/Frameworks/ApplicationServices.framework/Versions/A/ApplicationServices
0x00007fff50661000 	/usr/lib/libz.1.dylib
0x00007fff4e592000 	/usr/lib/libSystem.B.dylib
0x00007fff4fc4b000 	/usr/lib/libobjc.A.dylib
0x00007fff288c4000 	/System/Library/Frameworks/CoreFoundation.framework/Versions/A/CoreFoundation
0x00007fff2aa26000 	/System/Library/Frameworks/Foundation.framework/Versions/C/Foundation
0x00007fff25ea2000 	/System/Library/Frameworks/AppKit.framework/Versions/C/AppKit
0x00007fff28489000 	/System/Library/Frameworks/CoreData.framework/Versions/A/CoreData
0x00007fff47e4b000 	/System/Library/PrivateFrameworks/RemoteViewServices.framework/Versions/A/RemoteViewServices
0x00007fff4c5c4000 	/System/Library/PrivateFrameworks/UIFoundation.framework/Versions/A/UIFoundation
0x00007fff3cc43000 	/System/Library/PrivateFrameworks/DFRFoundation.framework/Versions/A/DFRFoundation
0x00007fff2d093000 	/System/Library/Frameworks/Metal.framework/Versions/A/Metal
0x00007fff3cde0000 	/System/Library/PrivateFrameworks/DesktopServicesPriv.framework/Versions/A/DesktopServicesPriv
0x00007fff4f198000 	/usr/lib/libenergytrace.dylib
0x00007fff4a630000 	/System/Library/PrivateFrameworks/SkyLight.framework/Versions/A/SkyLight
0x00007fff28d67000 	/System/Library/Frameworks/CoreGraphics.framework/Versions/A/CoreGraphics
0x00007fff4e58d000 	/usr/lib/libScreenReader.dylib
0x00007fff24e3c000 	/System/Library/Frameworks/Accelerate.framework/Versions/A/Accelerate
0x00007fff2b1a1000 	/System/Library/Frameworks/IOSurface.framework/Versions/A/IOSurface
0x00007fff2729c000 	/System/Library/Frameworks/AudioToolbox.framework/Versions/A/AudioToolbox
0x00007fff2752c000 	/System/Library/Frameworks/AudioUnit.framework/Versions/A/AudioUnit
0x00007fff3ccdb000 	/System/Library/PrivateFrameworks/DataDetectorsCore.framework/Versions/A/DataDetectorsCore
0x00007fff27c04000 	/System/Library/Frameworks/Carbon.framework/Versions/A/Frameworks/HIToolbox.framework/Versions/A/HIToolbox
0x00007fff4f2f2000 	/usr/lib/libicucore.A.dylib
0x00007fff33cab000 	/System/Library/Frameworks/QuartzCore.framework/Versions/A/QuartzCore
0x00007fff498d2000 	/System/Library/PrivateFrameworks/SignpostNotification.framework/Versions/A/SignpostNotification
0x00007fff27fea000 	/System/Library/Frameworks/Carbon.framework/Versions/A/Frameworks/SpeechRecognition.framework/Versions/A/SpeechRecognition
0x00007fff4e6ee000 	/usr/lib/libauto.dylib
0x00007fff50550000 	/usr/lib/libxml2.2.dylib
0x00007fff3c893000 	/System/Library/PrivateFrameworks/CoreUI.framework/Versions/A/CoreUI
0x00007fff28365000 	/System/Library/Frameworks/CoreAudio.framework/Versions/A/CoreAudio
0x00007fff2a860000 	/System/Library/Frameworks/DiskArbitration.framework/Versions/A/DiskArbitration
0x00007fff4f566000 	/usr/lib/liblangid.dylib
0x00007fff4434e000 	/System/Library/PrivateFrameworks/MultitouchSupport.framework/Versions/A/MultitouchSupport
0x00007fff2b103000 	/System/Library/Frameworks/IOKit.framework/Versions/A/IOKit
0x00007fff4e21c000 	/usr/lib/libDiagnosticMessagesClient.dylib
0x00007fff29a3d000 	/System/Library/Frameworks/CoreServices.framework/Versions/A/CoreServices
0x00007fff45e87000 	/System/Library/PrivateFrameworks/PerformanceAnalysis.framework/Versions/A/PerformanceAnalysis
0x00007fff32e4d000 	/System/Library/Frameworks/OpenGL.framework/Versions/A/OpenGL
0x00007fff2811f000 	/System/Library/Frameworks/ColorSync.framework/Versions/A/ColorSync
0x00007fff29379000 	/System/Library/Frameworks/CoreImage.framework/Versions/A/CoreImage
0x00007fff2a3ce000 	/System/Library/Frameworks/CoreText.framework/Versions/A/CoreText
0x00007fff2b1ff000 	/System/Library/Frameworks/ImageIO.framework/Versions/A/ImageIO
0x00007fff3953f000 	/System/Library/PrivateFrameworks/Backup.framework/Versions/A/Backup
0x00007fff4e63e000 	/usr/lib/libarchive.2.dylib
0x00007fff2784f000 	/System/Library/Frameworks/CFNetwork.framework/Versions/A/CFNetwork
0x00007fff34ec0000 	/System/Library/Frameworks/SystemConfiguration.framework/Versions/A/SystemConfiguration
0x00007fff4e145000 	/usr/lib/libCRFSuite.dylib
0x00007fff4e7c7000 	/usr/lib/libc++.1.dylib
0x00007fff4e81e000 	/usr/lib/libc++abi.dylib
0x00007fff5070f000 	/usr/lib/system/libcache.dylib
0x00007fff50714000 	/usr/lib/system/libcommonCrypto.dylib
0x00007fff5071f000 	/usr/lib/system/libcompiler_rt.dylib
0x00007fff50727000 	/usr/lib/system/libcopyfile.dylib
0x00007fff50731000 	/usr/lib/system/libcorecrypto.dylib
0x00007fff5083e000 	/usr/lib/system/libdispatch.dylib
0x00007fff50878000 	/usr/lib/system/libdyld.dylib
0x00007fff50896000 	/usr/lib/system/libkeymgr.dylib
0x00007fff508a4000 	/usr/lib/system/liblaunch.dylib
0x00007fff508a5000 	/usr/lib/system/libmacho.dylib
0x00007fff508aa000 	/usr/lib/system/libquarantine.dylib
0x00007fff508ad000 	/usr/lib/system/libremovefile.dylib
0x00007fff508af000 	/usr/lib/system/libsystem_asl.dylib
0x00007fff508c7000 	/usr/lib/system/libsystem_blocks.dylib
0x00007fff508c8000 	/usr/lib/system/libsystem_c.dylib
0x00007fff50952000 	/usr/lib/system/libsystem_configuration.dylib
0x00007fff50956000 	/usr/lib/system/libsystem_coreservices.dylib
0x00007fff5095a000 	/usr/lib/system/libsystem_darwin.dylib
0x00007fff5095c000 	/usr/lib/system/libsystem_dnssd.dylib
0x00007fff50963000 	/usr/lib/system/libsystem_info.dylib
0x00007fff509d4000 	/usr/lib/system/libsystem_m.dylib
0x00007fff50a20000 	/usr/lib/system/libsystem_malloc.dylib
0x00007fff50a40000 	/usr/lib/system/libsystem_network.dylib
0x00007fff50b71000 	/usr/lib/system/libsystem_networkextension.dylib
0x00007fff50b7c000 	/usr/lib/system/libsystem_notify.dylib
0x00007fff50b9a000 	/usr/lib/system/libsystem_sandbox.dylib
0x00007fff50b9e000 	/usr/lib/system/libsystem_secinit.dylib
0x00007fff509ad000 	/usr/lib/system/libsystem_kernel.dylib
0x00007fff50b86000 	/usr/lib/system/libsystem_platform.dylib
0x00007fff50b8e000 	/usr/lib/system/libsystem_pthread.dylib
0x00007fff50ba0000 	/usr/lib/system/libsystem_symptoms.dylib
0x00007fff50ba8000 	/usr/lib/system/libsystem_trace.dylib
0x00007fff50bbd000 	/usr/lib/system/libunwind.dylib
0x00007fff50bc3000 	/usr/lib/system/libxpc.dylib
0x00007fff4e058000 	/usr/lib/closure/libclosured.dylib
0x00007fff4e7a8000 	/usr/lib/libbsm.0.dylib
0x00007fff50897000 	/usr/lib/system/libkxld.dylib
0x00007fff4e456000 	/usr/lib/libOpenScriptingUtil.dylib
0x00007fff4eb17000 	/usr/lib/libcoretls.dylib
0x00007fff4eb30000 	/usr/lib/libcoretls_cfhelpers.dylib
0x00007fff5004c000 	/usr/lib/libpam.2.dylib
0x00007fff50173000 	/usr/lib/libsqlite3.dylib
0x00007fff5053f000 	/usr/lib/libxar.1.dylib
0x00007fff4e7b9000 	/usr/lib/libbz2.1.0.dylib
0x00007fff4f568000 	/usr/lib/liblzma.5.dylib
0x00007fff4fa49000 	/usr/lib/libnetwork.dylib
0x00007fff4e627000 	/usr/lib/libapple_nghttp2.dylib
0x00007fff50053000 	/usr/lib/libpcap.A.dylib
0x00007fff4e6ef000 	/usr/lib/libboringssl.dylib
0x00007fff504da000 	/usr/lib/libusrtcp.dylib
0x00007fff4e626000 	/usr/lib/libapple_crypto.dylib
0x00007fff29dc0000 	/System/Library/Frameworks/CoreServices.framework/Versions/A/Frameworks/FSEvents.framework/Versions/A/FSEvents
0x00007fff29ab3000 	/System/Library/Frameworks/CoreServices.framework/Versions/A/Frameworks/CarbonCore.framework/Versions/A/CarbonCore
0x00007fff29f88000 	/System/Library/Frameworks/CoreServices.framework/Versions/A/Frameworks/Metadata.framework/Versions/A/Metadata
0x00007fff2a039000 	/System/Library/Frameworks/CoreServices.framework/Versions/A/Frameworks/OSServices.framework/Versions/A/OSServices
0x00007fff2a09a000 	/System/Library/Frameworks/CoreServices.framework/Versions/A/Frameworks/SearchKit.framework/Versions/A/SearchKit
0x00007fff29a3e000 	/System/Library/Frameworks/CoreServices.framework/Versions/A/Frameworks/AE.framework/Versions/A/AE
0x00007fff29dc9000 	/System/Library/Frameworks/CoreServices.framework/Versions/A/Frameworks/LaunchServices.framework/Versions/A/LaunchServices
0x00007fff29d8b000 	/System/Library/Frameworks/CoreServices.framework/Versions/A/Frameworks/DictionaryServices.framework/Versions/A/DictionaryServices
0x00007fff2a109000 	/System/Library/Frameworks/CoreServices.framework/Versions/A/Frameworks/SharedFileList.framework/Versions/A/SharedFileList
0x00007fff2e2c9000 	/System/Library/Frameworks/NetFS.framework/Versions/A/NetFS
0x00007fff445df000 	/System/Library/PrivateFrameworks/NetAuth.framework/Versions/A/NetAuth
0x00007fff4deef000 	/System/Library/PrivateFrameworks/login.framework/Versions/A/Frameworks/loginsupport.framework/Versions/A/loginsupport
0x00007fff4c241000 	/System/Library/PrivateFrameworks/TCC.framework/Versions/A/TCC
0x00007fff4f649000 	/usr/lib/libmecabra.dylib
0x00007fff26d53000 	/System/Library/Frameworks/ApplicationServices.framework/Versions/A/Frameworks/ATS.framework/Versions/A/ATS
0x00007fff27101000 	/System/Library/Frameworks/ApplicationServices.framework/Versions/A/Frameworks/ColorSyncLegacy.framework/Versions/A/ColorSyncLegacy
0x00007fff271a5000 	/System/Library/Frameworks/ApplicationServices.framework/Versions/A/Frameworks/HIServices.framework/Versions/A/HIServices
0x00007fff271f8000 	/System/Library/Frameworks/ApplicationServices.framework/Versions/A/Frameworks/LangAnalysis.framework/Versions/A/LangAnalysis
0x00007fff27207000 	/System/Library/Frameworks/ApplicationServices.framework/Versions/A/Frameworks/PrintCore.framework/Versions/A/PrintCore
0x00007fff27254000 	/System/Library/Frameworks/ApplicationServices.framework/Versions/A/Frameworks/QD.framework/Versions/A/QD
0x00007fff2728f000 	/System/Library/Frameworks/ApplicationServices.framework/Versions/A/Frameworks/SpeechSynthesis.framework/Versions/A/SpeechSynthesis
0x00007fff287e0000 	/System/Library/Frameworks/CoreDisplay.framework/Versions/A/CoreDisplay
0x00007fff24e54000 	/System/Library/Frameworks/Accelerate.framework/Versions/A/Frameworks/vImage.framework/Versions/A/vImage
0x00007fff25bae000 	/System/Library/Frameworks/Accelerate.framework/Versions/A/Frameworks/vecLib.framework/Versions/A/vecLib
0x00007fff2594e000 	/System/Library/Frameworks/Accelerate.framework/Versions/A/Frameworks/vecLib.framework/Versions/A/libvDSP.dylib
0x00007fff254ae000 	/System/Library/Frameworks/Accelerate.framework/Versions/A/Frameworks/vecLib.framework/Versions/A/libBNNS.dylib
0x00007fff258b3000 	/System/Library/Frameworks/Accelerate.framework/Versions/A/Frameworks/vecLib.framework/Versions/A/libQuadrature.dylib
0x00007fff25afc000 	/System/Library/Frameworks/Accelerate.framework/Versions/A/Frameworks/vecLib.framework/Versions/A/libvMisc.dylib
0x00007fff254dd000 	/System/Library/Frameworks/Accelerate.framework/Versions/A/Frameworks/vecLib.framework/Versions/A/libLAPACK.dylib
0x00007fff25353000 	/System/Library/Frameworks/Accelerate.framework/Versions/A/Frameworks/vecLib.framework/Versions/A/libBLAS.dylib
0x00007fff2589d000 	/System/Library/Frameworks/Accelerate.framework/Versions/A/Frameworks/vecLib.framework/Versions/A/libLinearAlgebra.dylib
0x00007fff258b9000 	/System/Library/Frameworks/Accelerate.framework/Versions/A/Frameworks/vecLib.framework/Versions/A/libSparse.dylib
0x00007fff2593a000 	/System/Library/Frameworks/Accelerate.framework/Versions/A/Frameworks/vecLib.framework/Versions/A/libSparseBLAS.dylib
0x00007fff4141f000 	/System/Library/PrivateFrameworks/GPUWrangler.framework/Versions/A/GPUWrangler
0x00007fff42bb0000 	/System/Library/PrivateFrameworks/IOAccelerator.framework/Versions/A/IOAccelerator
0x00007fff42bbb000 	/System/Library/PrivateFrameworks/IOPresentment.framework/Versions/A/IOPresentment
0x00007fff3cc55000 	/System/Library/PrivateFrameworks/DSExternalDisplay.framework/Versions/A/DSExternalDisplay
0x00007fff322cc000 	/System/Library/Frameworks/OpenGL.framework/Versions/A/Libraries/libCoreFSCache.dylib
0x00007fff2a51f000 	/System/Library/Frameworks/CoreVideo.framework/Versions/A/CoreVideo
0x00007fff4219a000 	/System/Library/PrivateFrameworks/GraphVisualizer.framework/Versions/A/GraphVisualizer
0x00007fff2d2ca000 	/System/Library/Frameworks/MetalPerformanceShaders.framework/Versions/A/MetalPerformanceShaders
0x00007fff4e254000 	/usr/lib/libFosl_dynamic.dylib
0x00007fff3dd29000 	/System/Library/PrivateFrameworks/FaceCore.framework/Versions/A/FaceCore
0x00007fff310c7000 	/System/Library/Frameworks/OpenCL.framework/Versions/A/OpenCL
0x00007fff4e855000 	/usr/lib/libcompression.dylib
0x00007fff26e52000 	/System/Library/Frameworks/ApplicationServices.framework/Versions/A/Frameworks/ATS.framework/Versions/A/Resources/libFontParser.dylib
0x00007fff26f75000 	/System/Library/Frameworks/ApplicationServices.framework/Versions/A/Frameworks/ATS.framework/Versions/A/Resources/libFontRegistry.dylib
0x00007fff2b467000 	/System/Library/Frameworks/ImageIO.framework/Versions/A/Resources/libJPEG.dylib
0x00007fff2b790000 	/System/Library/Frameworks/ImageIO.framework/Versions/A/Resources/libTIFF.dylib
0x00007fff2b766000 	/System/Library/Frameworks/ImageIO.framework/Versions/A/Resources/libPng.dylib
0x00007fff2b37a000 	/System/Library/Frameworks/ImageIO.framework/Versions/A/Resources/libGIF.dylib
0x00007fff2b37f000 	/System/Library/Frameworks/ImageIO.framework/Versions/A/Resources/libJP2.dylib
0x00007fff2b78d000 	/System/Library/Frameworks/ImageIO.framework/Versions/A/Resources/libRadiance.dylib
0x00007fff38c69000 	/System/Library/PrivateFrameworks/AppleJPEG.framework/Versions/A/AppleJPEG
0x00007fff2d131000 	/System/Library/Frameworks/MetalPerformanceShaders.framework/Frameworks/MPSCore.framework/Versions/A/MPSCore
0x00007fff2d14d000 	/System/Library/Frameworks/MetalPerformanceShaders.framework/Frameworks/MPSImage.framework/Versions/A/MPSImage
0x00007fff2d1e2000 	/System/Library/Frameworks/MetalPerformanceShaders.framework/Frameworks/MPSNeuralNetwork.framework/Versions/A/MPSNeuralNetwork
0x00007fff2d1bd000 	/System/Library/Frameworks/MetalPerformanceShaders.framework/Frameworks/MPSMatrix.framework/Versions/A/MPSMatrix
0x00007fff440b1000 	/System/Library/PrivateFrameworks/MetalTools.framework/Versions/A/MetalTools
0x00007fff32497000 	/System/Library/Frameworks/OpenGL.framework/Versions/A/Libraries/libGLU.dylib
0x00007fff322d7000 	/System/Library/Frameworks/OpenGL.framework/Versions/A/Libraries/libGFXShared.dylib
0x00007fff322e1000 	/System/Library/Frameworks/OpenGL.framework/Versions/A/Libraries/libGL.dylib
0x00007fff322ed000 	/System/Library/Frameworks/OpenGL.framework/Versions/A/Libraries/libGLImage.dylib
0x00007fff322c9000 	/System/Library/Frameworks/OpenGL.framework/Versions/A/Libraries/libCVMSPluginSupport.dylib
0x00007fff322d2000 	/System/Library/Frameworks/OpenGL.framework/Versions/A/Libraries/libCoreVMClient.dylib
0x00007fff4f002000 	/usr/lib/libcups.2.dylib
0x00007fff2c698000 	/System/Library/Frameworks/Kerberos.framework/Versions/A/Kerberos
0x00007fff2ae5d000 	/System/Library/Frameworks/GSS.framework/Versions/A/GSS
0x00007fff50106000 	/usr/lib/libresolv.9.dylib
0x00007fff4f200000 	/usr/lib/libiconv.2.dylib
0x00007fff4222c000 	/System/Library/PrivateFrameworks/Heimdal.framework/Versions/A/Heimdal
0x00007fff4f1cf000 	/usr/lib/libheimdal-asn1.dylib
0x00007fff3113f000 	/System/Library/Frameworks/OpenDirectory.framework/Versions/A/OpenDirectory
0x00007fff3af80000 	/System/Library/PrivateFrameworks/CommonAuth.framework/Versions/A/CommonAuth
0x00007fff31122000 	/System/Library/Frameworks/OpenDirectory.framework/Versions/A/Frameworks/CFOpenDirectory.framework/Versions/A/CFOpenDirectory
0x00007fff34a59000 	/System/Library/Frameworks/SecurityFoundation.framework/Versions/A/SecurityFoundation
0x00007fff37e2d000 	/System/Library/PrivateFrameworks/APFS.framework/Versions/A/APFS
0x00007fff5053b000 	/usr/lib/libutil.dylib
0x00007fff38cec000 	/System/Library/PrivateFrameworks/AppleSauce.framework/Versions/A/AppleSauce
0x00007fff43398000 	/System/Library/PrivateFrameworks/LinguisticData.framework/Versions/A/LinguisticData
0x00007fff4f582000 	/usr/lib/libmarisa.dylib
0x00007fff43352000 	/System/Library/PrivateFrameworks/Lexicon.framework/Versions/A/Lexicon
0x00007fff4e17f000 	/usr/lib/libChineseTokenizer.dylib
0x00007fff4e844000 	/usr/lib/libcmph.dylib
0x00007fff4325c000 	/System/Library/PrivateFrameworks/LanguageModeling.framework/Versions/A/LanguageModeling
0x00007fff3ba9d000 	/System/Library/PrivateFrameworks/CoreEmoji.framework/Versions/A/CoreEmoji
0x00007fff34b17000 	/System/Library/Frameworks/ServiceManagement.framework/Versions/A/ServiceManagement
0x00007fff39537000 	/System/Library/PrivateFrameworks/BackgroundTaskManagement.framework/Versions/A/BackgroundTaskManagement
0x00007fff50638000 	/usr/lib/libxslt.1.dylib
0x00007fff27f14000 	/System/Library/Frameworks/Carbon.framework/Versions/A/Frameworks/Ink.framework/Versions/A/Ink
0x00007fff4c456000 	/System/Library/PrivateFrameworks/TextureIO.framework/Versions/A/TextureIO
0x00007fff4e669000 	/usr/lib/libate.dylib
0x00007fff3cbb4000 	/System/Library/PrivateFrameworks/CrashReporterSupport.framework/Versions/A/CrashReporterSupport
0x00007fff49792000 	/System/Library/PrivateFrameworks/Sharing.framework/Versions/A/Sharing
0x00007fff42f9d000 	/System/Library/PrivateFrameworks/IconServices.framework/Versions/A/IconServices
0x00007fff39167000 	/System/Library/PrivateFrameworks/AuthKit.framework/Versions/A/AuthKit
0x00007fff38aec000 	/System/Library/PrivateFrameworks/Apple80211.framework/Versions/A/Apple80211
0x00007fff3c9c9000 	/System/Library/PrivateFrameworks/CoreUtils.framework/Versions/A/CoreUtils
0x00007fff2a55a000 	/System/Library/Frameworks/CoreWLAN.framework/Versions/A/CoreWLAN
0x00007fff2af9f000 	/System/Library/Frameworks/IOBluetooth.framework/Versions/A/IOBluetooth
0x00007fff47c56000 	/System/Library/PrivateFrameworks/ProtocolBuffer.framework/Versions/A/ProtocolBuffer
0x00007fff442a9000 	/System/Library/PrivateFrameworks/MobileKeyBag.framework/Versions/A/MobileKeyBag
0x00007fff3c241000 	/System/Library/PrivateFrameworks/CorePhoneNumbers.framework/Versions/A/CorePhoneNumbers
0x00007fff38c24000 	/System/Library/PrivateFrameworks/AppleIDAuthSupport.framework/Versions/A/AppleIDAuthSupport
0x00007fff43248000 	/System/Library/PrivateFrameworks/KeychainCircle.framework/Versions/A/KeychainCircle
0x00007fff3cb4f000 	/System/Library/PrivateFrameworks/CoreWiFi.framework/Versions/A/CoreWiFi
0x00007fff2845f000 	/System/Library/Frameworks/CoreBluetooth.framework/Versions/A/CoreBluetooth
0x00007fff3cd9f000 	/System/Library/PrivateFrameworks/DebugSymbols.framework/Versions/A/DebugSymbols
0x00007fff3c77f000 	/System/Library/PrivateFrameworks/CoreSymbolication.framework/Versions/A/CoreSymbolication
0x00007fff4bc48000 	/System/Library/PrivateFrameworks/Symbolication.framework/Versions/A/Symbolication
0x00007fff38b16000 	/System/Library/PrivateFrameworks/AppleFSCompression.framework/Versions/A/AppleFSCompression
0x00007fff4b095000 	/System/Library/PrivateFrameworks/SpeechRecognitionCore.framework/Versions/A/SpeechRecognitionCore
0x000000010a000000 	/Library/Java/JavaVirtualMachines/jdk1.8.0_181.jdk/Contents/Home/jre/lib/server/libjvm.dylib
0x00007fff50408000 	/usr/lib/libstdc++.6.0.9.dylib
0x0000000108e20000 	/Library/Java/JavaVirtualMachines/jdk1.8.0_181.jdk/Contents/Home/jre/lib/libverify.dylib
0x0000000108e2e000 	/Library/Java/JavaVirtualMachines/jdk1.8.0_181.jdk/Contents/Home/jre/lib/libjava.dylib
0x0000000108e65000 	/Library/Java/JavaVirtualMachines/jdk1.8.0_181.jdk/Contents/Home/jre/lib/libjdwp.dylib
0x0000000108eb0000 	/Library/Java/JavaVirtualMachines/jdk1.8.0_181.jdk/Contents/Home/jre/lib/libnpt.dylib
0x0000000108eb4000 	/Library/Java/JavaVirtualMachines/jdk1.8.0_181.jdk/Contents/Home/jre/lib/libinstrument.dylib
0x0000000108f52000 	/Library/Java/JavaVirtualMachines/jdk1.8.0_181.jdk/Contents/Home/jre/lib/libzip.dylib
0x0000000127a0a000 	/Library/Java/JavaVirtualMachines/jdk1.8.0_181.jdk/Contents/Home/jre/lib/libdt_socket.dylib

VM Arguments:
jvm_args: -agentlib:jdwp=transport=dt_socket,address=127.0.0.1:63833,suspend=y,server=n -javaagent:/Users/sankumar/Library/Caches/IdeaIC2018.1/captureAgent/debugger-agent.jar=file:/private/var/folders/sc/dq9xzd7n2csfchd1_zq3jm9r0045_5/T/capture.props -Dfile.encoding=UTF-8 
java_command: _01_Coderust._02_LinkedList._x_08_Merge_Two_Sorted_Linked_Lists
java_class_path (initial): /Library/Java/JavaVirtualMachines/jdk1.8.0_181.jdk/Contents/Home/jre/lib/charsets.jar:/Library/Java/JavaVirtualMachines/jdk1.8.0_181.jdk/Contents/Home/jre/lib/deploy.jar:/Library/Java/JavaVirtualMachines/jdk1.8.0_181.jdk/Contents/Home/jre/lib/ext/cldrdata.jar:/Library/Java/JavaVirtualMachines/jdk1.8.0_181.jdk/Contents/Home/jre/lib/ext/dnsns.jar:/Library/Java/JavaVirtualMachines/jdk1.8.0_181.jdk/Contents/Home/jre/lib/ext/jaccess.jar:/Library/Java/JavaVirtualMachines/jdk1.8.0_181.jdk/Contents/Home/jre/lib/ext/jfxrt.jar:/Library/Java/JavaVirtualMachines/jdk1.8.0_181.jdk/Contents/Home/jre/lib/ext/localedata.jar:/Library/Java/JavaVirtualMachines/jdk1.8.0_181.jdk/Contents/Home/jre/lib/ext/nashorn.jar:/Library/Java/JavaVirtualMachines/jdk1.8.0_181.jdk/Contents/Home/jre/lib/ext/sunec.jar:/Library/Java/JavaVirtualMachines/jdk1.8.0_181.jdk/Contents/Home/jre/lib/ext/sunjce_provider.jar:/Library/Java/JavaVirtualMachines/jdk1.8.0_181.jdk/Contents/Home/jre/lib/ext/sunpkcs11.jar:/Library/Java/JavaVirtualMachines/jdk1.8.0_181.jdk/Contents/Home/jre/lib/ext/zipfs.jar:/Library/Java/JavaVirtualMachines/jdk1.8.0_181.jdk/Contents/Home/jre/lib/javaws.jar:/Library/Java/JavaVirtualMachines/jdk1.8.0_181.jdk/Contents/Home/jre/lib/jce.jar:/Library/Java/JavaVirtualMachines/jdk1.8.0_181.jdk/Contents/Home/jre/lib/jfr.jar:/Library/Java/JavaVirtualMachines/jdk1.8.0_181.jdk/Contents/Home/jre/lib/jfxswt.jar:/Library/Java/JavaVirtualMachines/jdk1.8.0_181.jdk/Contents/Home/jre/lib/jsse.jar:/Library/Java/JavaVirtualMachines/jdk1.8.0_181.jdk/Contents/Home/jre/lib/management-agent.jar:/Library/Java/JavaVirtualMachines/jdk1.8.0_181.jdk/Contents/Home/jre/lib/plugin.jar:/Library/Java/JavaVirtualMachines/jdk1.8.0_181.jdk/Contents/Home/jre/lib/resources.jar:/Library/Java/JavaVirtualMachines/jdk1.8.0_181.jdk/Contents/Home/jre/lib/rt.jar:/Library/Java/JavaVirtualMachines/jdk1.8.0_181.jdk/Contents/Home/lib/ant-javafx.jar:/Library/Java/JavaVirtualMachines/jdk1.8.0_181.jdk/Contents/Home
Launcher Type: SUN_STANDARD

Environment Variables:
JAVA_HOME=/Library/Java/JavaVirtualMachines/jdk1.8.0_181.jdk/Contents/Home
PATH=/Users/sankumar/Documents/DevOps/apache-maven-3.5.4/bin:/Library/Frameworks/Python.framework/Versions/3.7/bin:/usr/local/git/current/bin:/usr/local/bin:/usr/bin:/bin:/usr/local/sbin:/usr/sbin:/sbin
SHELL=/bin/bash

Signal Handlers:
SIGSEGV: [libjvm.dylib+0x5b6029], sa_mask[0]=11111111011111110111111111111111, sa_flags=SA_ONSTACK|SA_RESTART|SA_SIGINFO
SIGBUS: [libjvm.dylib+0x5b6029], sa_mask[0]=11111111011111110111111111111111, sa_flags=SA_RESTART|SA_SIGINFO
SIGFPE: [libjvm.dylib+0x48b934], sa_mask[0]=11111111011111110111111111111111, sa_flags=SA_RESTART|SA_SIGINFO
SIGPIPE: [libjvm.dylib+0x48b934], sa_mask[0]=11111111011111110111111111111111, sa_flags=SA_RESTART|SA_SIGINFO
SIGXFSZ: [libjvm.dylib+0x48b934], sa_mask[0]=11111111011111110111111111111111, sa_flags=SA_RESTART|SA_SIGINFO
SIGILL: [libjvm.dylib+0x48b934], sa_mask[0]=11111111011111110111111111111111, sa_flags=SA_RESTART|SA_SIGINFO
SIGUSR1: SIG_DFL, sa_mask[0]=00000000000000000000000000000000, sa_flags=none
SIGUSR2: [libjvm.dylib+0x48b452], sa_mask[0]=00100000000000000000000000000000, sa_flags=SA_RESTART|SA_SIGINFO
SIGHUP: [libjvm.dylib+0x489a1d], sa_mask[0]=11111111011111110111111111111111, sa_flags=SA_RESTART|SA_SIGINFO
SIGINT: [libjvm.dylib+0x489a1d], sa_mask[0]=11111111011111110111111111111111, sa_flags=SA_RESTART|SA_SIGINFO
SIGTERM: [libjvm.dylib+0x489a1d], sa_mask[0]=11111111011111110111111111111111, sa_flags=SA_RESTART|SA_SIGINFO
SIGQUIT: [libjvm.dylib+0x489a1d], sa_mask[0]=11111111011111110111111111111111, sa_flags=SA_RESTART|SA_SIGINFO


---------------  S Y S T E M  ---------------

OS:Bsduname:Darwin 17.7.0 Darwin Kernel Version 17.7.0: Thu Dec 20 21:47:19 PST 2018; root:xnu-4570.71.22~1/RELEASE_X86_64 x86_64
rlimit: STACK 8192k, CORE 0k, NPROC 1418, NOFILE 10240, AS infinity
load average:6.30 3.65 3.12

CPU:total 8 (initial active 8) (4 cores per cpu, 2 threads per core) family 6 model 70 stepping 1, cmov, cx8, fxsr, mmx, sse, sse2, sse3, ssse3, sse4.1, sse4.2, popcnt, avx, avx2, aes, clmul, erms, lzcnt, ht, tsc, tscinvbit, bmi1, bmi2

Memory: 4k page, physical 16777216k(89476k free)

/proc/meminfo:


vm_info: Java HotSpot(TM) 64-Bit Server VM (25.181-b13) for bsd-amd64 JRE (1.8.0_181-b13), built on Jul  7 2018 01:02:31 by "java_re" with gcc 4.2.1 (Based on Apple Inc. build 5658) (LLVM build 2336.11.00)

time: Tue Feb 19 09:51:09 2019
elapsed time: 849 seconds (0d 0h 14m 9s)

